Job Name: genejc_rbm_all_data_mask_160824
Script: rbm_all_mask_v2.py
Working SCRATCH directory is /scratch/pmc019/jceliberti/run_conda/480290
Results will be store in /group/pmc019/jceliberti/conda_results/480290
Iteration 1/100, Train Error: 4152.29545288086, Validation Error: 401.66986083984375, Validation Masked Error: 21.228883743286133
Iteration 2/100, Train Error: 4011.139501953125, Validation Error: 869.1145629882812, Validation Masked Error: 168.17774963378906
Iteration 3/100, Train Error: 1128.2664306640625, Validation Error: 490.8650817871094, Validation Masked Error: 246.03189086914062
Iteration 4/100, Train Error: 685.6777954101562, Validation Error: 704.6138305664062, Validation Masked Error: 143.38540649414062
Iteration 5/100, Train Error: 851.6294067382812, Validation Error: 622.3721923828125, Validation Masked Error: 76.98455047607422
Iteration 6/100, Train Error: 541.329052734375, Validation Error: 606.7952880859375, Validation Masked Error: 67.66973114013672
Iteration 7/100, Train Error: 540.0413696289063, Validation Error: 257.90057373046875, Validation Masked Error: 65.79878234863281
Iteration 8/100, Train Error: 568.9538330078125, Validation Error: 258.1129455566406, Validation Masked Error: 67.942138671875
Iteration 9/100, Train Error: 472.6684936523437, Validation Error: 562.6654052734375, Validation Masked Error: 36.12822723388672
Iteration 10/100, Train Error: 546.4409240722656, Validation Error: 535.52685546875, Validation Masked Error: 0.0007560881203971803
Iteration 11/100, Train Error: 493.67601318359374, Validation Error: 392.4697265625, Validation Masked Error: 16.63530921936035
Iteration 12/100, Train Error: 598.9062866210937, Validation Error: 536.0020141601562, Validation Masked Error: 0.0003740332031156868
Iteration 13/100, Train Error: 441.1173492431641, Validation Error: 214.2769775390625, Validation Masked Error: 39.838134765625
Iteration 14/100, Train Error: 447.588818359375, Validation Error: 545.8291015625, Validation Masked Error: 24.01458168029785
Iteration 15/100, Train Error: 556.5238098144531, Validation Error: 542.39794921875, Validation Masked Error: 21.37262535095215
Iteration 16/100, Train Error: 555.7088134765625, Validation Error: 212.8115234375, Validation Masked Error: 41.36992263793945
Iteration 17/100, Train Error: 382.06939086914065, Validation Error: 384.00433349609375, Validation Masked Error: 9.912215232849121
Iteration 18/100, Train Error: 413.0002838134766, Validation Error: 194.56256103515625, Validation Masked Error: 27.86959457397461
Iteration 19/100, Train Error: 464.6087501525879, Validation Error: 191.6299591064453, Validation Masked Error: 26.470373153686523
Iteration 20/100, Train Error: 565.2552062988282, Validation Error: 533.8857421875, Validation Masked Error: 14.441645622253418
Iteration 21/100, Train Error: 496.20014038085935, Validation Error: 528.9871215820312, Validation Masked Error: 0.0004915944300591946
Iteration 22/100, Train Error: 435.2186874389648, Validation Error: 533.0106201171875, Validation Masked Error: 13.609113693237305
Iteration 23/100, Train Error: 453.6708923339844, Validation Error: 379.4429626464844, Validation Masked Error: 6.999500274658203
Iteration 24/100, Train Error: 526.1670806884765, Validation Error: 531.3216552734375, Validation Masked Error: 11.626502990722656
Iteration 25/100, Train Error: 460.04502258300784, Validation Error: 530.2508544921875, Validation Masked Error: 11.467364311218262
Iteration 26/100, Train Error: 494.677904510498, Validation Error: 527.024169921875, Validation Masked Error: 0.00038766241050325334
Iteration 27/100, Train Error: 514.8247741699219, Validation Error: 524.735107421875, Validation Masked Error: 0.0003464294131845236
Iteration 28/100, Train Error: 508.332373046875, Validation Error: 179.63052368164062, Validation Masked Error: 19.65681266784668
Iteration 29/100, Train Error: 449.8110626220703, Validation Error: 527.683837890625, Validation Masked Error: 9.105536460876465
Iteration 30/100, Train Error: 467.34954833984375, Validation Error: 378.0635681152344, Validation Masked Error: 6.094353199005127
Iteration 31/100, Train Error: 505.93848571777346, Validation Error: 529.955322265625, Validation Masked Error: 0.00028718283283524215
Iteration 32/100, Train Error: 403.99736938476565, Validation Error: 378.4231872558594, Validation Masked Error: 6.2804412841796875
Iteration 33/100, Train Error: 471.8836364746094, Validation Error: 526.4312744140625, Validation Masked Error: 8.56590461730957
Iteration 34/100, Train Error: 520.3132431030274, Validation Error: 172.5194854736328, Validation Masked Error: 16.044389724731445
Iteration 35/100, Train Error: 537.5515747070312, Validation Error: 526.0067138671875, Validation Masked Error: 8.05737590789795
Iteration 36/100, Train Error: 467.9361083984375, Validation Error: 523.8903198242188, Validation Masked Error: 0.0004323017783463001
Iteration 37/100, Train Error: 500.7115051269531, Validation Error: 172.5762939453125, Validation Masked Error: 16.7108154296875
Iteration 38/100, Train Error: 549.9945251464844, Validation Error: 172.639404296875, Validation Masked Error: 16.69245147705078
Iteration 39/100, Train Error: 503.6620361328125, Validation Error: 524.8839721679688, Validation Masked Error: 6.96566104888916
Iteration 40/100, Train Error: 537.0236450195313, Validation Error: 172.25100708007812, Validation Masked Error: 16.799726486206055
Iteration 41/100, Train Error: 438.203662109375, Validation Error: 522.1336669921875, Validation Masked Error: 0.0011863278923556209
Iteration 42/100, Train Error: 311.0372283935547, Validation Error: 169.3386993408203, Validation Masked Error: 14.260099411010742
Iteration 43/100, Train Error: 403.854736328125, Validation Error: 168.14236450195312, Validation Masked Error: 13.47589111328125
Iteration 44/100, Train Error: 441.47088012695315, Validation Error: 168.53968811035156, Validation Masked Error: 14.108896255493164
Iteration 45/100, Train Error: 518.7053588867187, Validation Error: 375.85260009765625, Validation Masked Error: 4.289857387542725
Iteration 46/100, Train Error: 428.62652587890625, Validation Error: 376.0693359375, Validation Masked Error: 4.173655986785889
Iteration 47/100, Train Error: 613.9486877441407, Validation Error: 167.95486450195312, Validation Masked Error: 13.722111701965332
Iteration 48/100, Train Error: 423.4214065551758, Validation Error: 522.5712890625, Validation Masked Error: 0.0009814826771616936
Iteration 49/100, Train Error: 479.5837097167969, Validation Error: 524.2618408203125, Validation Masked Error: 6.299574375152588
Iteration 50/100, Train Error: 499.2730010986328, Validation Error: 524.2237548828125, Validation Masked Error: 6.221735954284668
Iteration 51/100, Train Error: 456.75477905273436, Validation Error: 524.1265869140625, Validation Masked Error: 6.099934101104736
Iteration 52/100, Train Error: 374.9267120361328, Validation Error: 524.1795654296875, Validation Masked Error: 6.113292217254639
Iteration 53/100, Train Error: 413.23767242431643, Validation Error: 164.88238525390625, Validation Masked Error: 11.517531394958496
Iteration 54/100, Train Error: 322.846044921875, Validation Error: 163.44601440429688, Validation Masked Error: 10.224328994750977
Iteration 55/100, Train Error: 297.2911117553711, Validation Error: 529.7685546875, Validation Masked Error: 0.0007868477841839194
Iteration 56/100, Train Error: 528.392333984375, Validation Error: 373.8715515136719, Validation Masked Error: 2.6210386753082275
Iteration 57/100, Train Error: 375.079345703125, Validation Error: 526.3982543945312, Validation Masked Error: 0.0003316856164019555
Iteration 58/100, Train Error: 416.25557098388674, Validation Error: 523.9295654296875, Validation Masked Error: 5.756194114685059
Iteration 59/100, Train Error: 450.8469955444336, Validation Error: 373.9733581542969, Validation Masked Error: 2.5172173976898193
Iteration 60/100, Train Error: 484.25676879882815, Validation Error: 162.23745727539062, Validation Masked Error: 9.418856620788574
Iteration 61/100, Train Error: 423.6984405517578, Validation Error: 523.7288818359375, Validation Masked Error: 5.740745544433594
Iteration 62/100, Train Error: 454.80706787109375, Validation Error: 161.95144653320312, Validation Masked Error: 9.19382381439209
Iteration 63/100, Train Error: 523.0988342285157, Validation Error: 528.2156982421875, Validation Masked Error: 0.000775410735514015
Iteration 64/100, Train Error: 447.33002319335935, Validation Error: 523.333740234375, Validation Masked Error: 5.456489562988281
Iteration 65/100, Train Error: 460.35003967285155, Validation Error: 161.22230529785156, Validation Masked Error: 8.993216514587402
Iteration 66/100, Train Error: 448.15030670166016, Validation Error: 160.88925170898438, Validation Masked Error: 8.63090705871582
Iteration 67/100, Train Error: 503.2779937744141, Validation Error: 160.7349090576172, Validation Masked Error: 8.570418357849121
Iteration 68/100, Train Error: 355.3642547607422, Validation Error: 523.2120361328125, Validation Masked Error: 4.93466329574585
Iteration 69/100, Train Error: 367.98424072265624, Validation Error: 159.53079223632812, Validation Masked Error: 7.674614906311035
Iteration 70/100, Train Error: 443.28668823242185, Validation Error: 522.06591796875, Validation Masked Error: 0.00025385923800058663
Iteration 71/100, Train Error: 561.4406433105469, Validation Error: 159.56106567382812, Validation Masked Error: 7.969482421875
Iteration 72/100, Train Error: 560.1064636230469, Validation Error: 523.857421875, Validation Masked Error: 0.0005747590330429375
Iteration 73/100, Train Error: 450.8992614746094, Validation Error: 159.44854736328125, Validation Masked Error: 7.966981410980225
Iteration 74/100, Train Error: 536.7969909667969, Validation Error: 520.8993530273438, Validation Masked Error: 0.0008291638223454356
Iteration 75/100, Train Error: 468.28273620605466, Validation Error: 159.6383819580078, Validation Masked Error: 7.948159217834473
Iteration 76/100, Train Error: 412.8372344970703, Validation Error: 159.64913940429688, Validation Masked Error: 7.949084281921387
Iteration 77/100, Train Error: 387.10333557128905, Validation Error: 522.3941650390625, Validation Masked Error: 0.0003042013559024781
Iteration 78/100, Train Error: 402.45587463378905, Validation Error: 158.85671997070312, Validation Masked Error: 7.369746208190918
Iteration 79/100, Train Error: 519.7137756347656, Validation Error: 521.6021728515625, Validation Masked Error: 3.8648953437805176
Iteration 80/100, Train Error: 437.19688110351564, Validation Error: 159.17791748046875, Validation Masked Error: 7.431399345397949
Iteration 81/100, Train Error: 270.60697746276855, Validation Error: 521.9293823242188, Validation Masked Error: 3.8215270042419434
Iteration 82/100, Train Error: 388.904674911499, Validation Error: 158.57565307617188, Validation Masked Error: 7.032588005065918
Iteration 83/100, Train Error: 359.17921142578126, Validation Error: 521.7306518554688, Validation Masked Error: 3.849696636199951
Iteration 84/100, Train Error: 400.7830017089844, Validation Error: 158.00955200195312, Validation Masked Error: 6.5484466552734375
Iteration 85/100, Train Error: 489.168701171875, Validation Error: 157.77096557617188, Validation Masked Error: 6.387642860412598
Iteration 86/100, Train Error: 433.52940368652344, Validation Error: 373.70416259765625, Validation Masked Error: 1.6709516048431396
Iteration 87/100, Train Error: 482.296533203125, Validation Error: 373.04827880859375, Validation Masked Error: 1.676680326461792
Iteration 88/100, Train Error: 375.6141296386719, Validation Error: 521.2230224609375, Validation Masked Error: 3.5683772563934326
Iteration 89/100, Train Error: 466.0522155761719, Validation Error: 373.33892822265625, Validation Masked Error: 1.8083264827728271
Iteration 90/100, Train Error: 244.68000240325927, Validation Error: 156.72988891601562, Validation Masked Error: 5.823254585266113
Iteration 91/100, Train Error: 460.2538208007812, Validation Error: 373.08660888671875, Validation Masked Error: 1.8256800174713135
Iteration 92/100, Train Error: 374.5660888671875, Validation Error: 373.1329650878906, Validation Masked Error: 1.7080802917480469
Iteration 93/100, Train Error: 425.8872924804688, Validation Error: 156.76522827148438, Validation Masked Error: 5.721896648406982
Iteration 94/100, Train Error: 430.17816772460935, Validation Error: 156.818603515625, Validation Masked Error: 5.696717262268066
Iteration 95/100, Train Error: 454.9092956542969, Validation Error: 526.0181274414062, Validation Masked Error: 0.0002271216071676463
Iteration 96/100, Train Error: 359.04717407226565, Validation Error: 373.0074462890625, Validation Masked Error: 1.511099100112915
Iteration 97/100, Train Error: 547.8724609375, Validation Error: 521.2432250976562, Validation Masked Error: 3.4011688232421875
Iteration 98/100, Train Error: 567.1911010742188, Validation Error: 157.0376434326172, Validation Masked Error: 5.81132173538208
Iteration 99/100, Train Error: 569.8723815917969, Validation Error: 372.4022216796875, Validation Masked Error: 1.462263822555542
Iteration 100/100, Train Error: 450.05353393554685, Validation Error: 373.27880859375, Validation Masked Error: 1.4385186433792114
Final Test Whole Error: 392.1547088623047, Final Test Masked Error: 32.12897115945816
Conda ML gpu job finished at Fri Aug 16 23:04:08 AWST 2024
Total Runtime: 00:50:42
