Job Name: genejc_rbm_v1
Script: rbm_v1.py
Working SCRATCH directory is /scratch/pmc019/jceliberti/run_conda/467445
Results will be store in /group/pmc019/jceliberti/conda_results/467445
Iteration 1/50, Reconstruction Error: 3008.41455078125
Iteration 2/50, Reconstruction Error: 1506.3216552734375
Iteration 3/50, Reconstruction Error: 1450.8568115234375
Iteration 4/50, Reconstruction Error: 1422.7183837890625
Iteration 5/50, Reconstruction Error: 1407.2403564453125
Iteration 6/50, Reconstruction Error: 1397.8302001953125
Iteration 7/50, Reconstruction Error: 1389.6561279296875
Iteration 8/50, Reconstruction Error: 1382.9708251953125
Iteration 9/50, Reconstruction Error: 1375.7330322265625
Iteration 10/50, Reconstruction Error: 1368.7152099609375
Iteration 11/50, Reconstruction Error: 1361.637939453125
Iteration 12/50, Reconstruction Error: 1355.3106689453125
Iteration 13/50, Reconstruction Error: 1347.6024169921875
Iteration 14/50, Reconstruction Error: 1339.530029296875
Iteration 15/50, Reconstruction Error: 1332.34033203125
Iteration 16/50, Reconstruction Error: 1324.614013671875
Iteration 17/50, Reconstruction Error: 1317.0809326171875
Iteration 18/50, Reconstruction Error: 1308.4530029296875
Iteration 19/50, Reconstruction Error: 1300.1368408203125
Iteration 20/50, Reconstruction Error: 1290.5347900390625
Iteration 21/50, Reconstruction Error: 1282.350341796875
Iteration 22/50, Reconstruction Error: 1273.4642333984375
Iteration 23/50, Reconstruction Error: 1264.6572265625
Iteration 24/50, Reconstruction Error: 1256.258544921875
Iteration 25/50, Reconstruction Error: 1246.8853759765625
Iteration 26/50, Reconstruction Error: 1237.92919921875
Iteration 27/50, Reconstruction Error: 1229.1021728515625
Iteration 28/50, Reconstruction Error: 1218.9185791015625
Iteration 29/50, Reconstruction Error: 1209.8677978515625
Iteration 30/50, Reconstruction Error: 1199.7843017578125
Iteration 31/50, Reconstruction Error: 1190.7523193359375
Iteration 32/50, Reconstruction Error: 1182.2371826171875
Iteration 33/50, Reconstruction Error: 1172.7613525390625
Iteration 34/50, Reconstruction Error: 1162.8980712890625
Iteration 35/50, Reconstruction Error: 1155.0556640625
Iteration 36/50, Reconstruction Error: 1146.0355224609375
Iteration 37/50, Reconstruction Error: 1136.0457763671875
Iteration 38/50, Reconstruction Error: 1128.1431884765625
Iteration 39/50, Reconstruction Error: 1118.571533203125
Iteration 40/50, Reconstruction Error: 1108.5936279296875
Iteration 41/50, Reconstruction Error: 1101.3717041015625
Iteration 42/50, Reconstruction Error: 1091.869384765625
Iteration 43/50, Reconstruction Error: 1083.374267578125
Iteration 44/50, Reconstruction Error: 1074.939697265625
Iteration 45/50, Reconstruction Error: 1066.7225341796875
Iteration 46/50, Reconstruction Error: 1058.6185302734375
Iteration 47/50, Reconstruction Error: 1050.0999755859375
Iteration 48/50, Reconstruction Error: 1040.6641845703125
Iteration 49/50, Reconstruction Error: 1033.6551513671875
Iteration 50/50, Reconstruction Error: 1025.575927734375
Iteration 1/50, Reconstruction Error: 3007.90576171875
Iteration 2/50, Reconstruction Error: 1982.352294921875
Iteration 3/50, Reconstruction Error: 1992.5635986328125
Iteration 4/50, Reconstruction Error: 1994.4677734375
Iteration 5/50, Reconstruction Error: 1988.04638671875
Iteration 6/50, Reconstruction Error: 1975.239013671875
Iteration 7/50, Reconstruction Error: 1961.8009033203125
Iteration 8/50, Reconstruction Error: 1943.3592529296875
Iteration 9/50, Reconstruction Error: 1924.9630126953125
Iteration 10/50, Reconstruction Error: 1902.5628662109375
Iteration 11/50, Reconstruction Error: 1882.0523681640625
Iteration 12/50, Reconstruction Error: 1859.4998779296875
Iteration 13/50, Reconstruction Error: 1835.0697021484375
Iteration 14/50, Reconstruction Error: 1810.714599609375
Iteration 15/50, Reconstruction Error: 1788.3609619140625
Iteration 16/50, Reconstruction Error: 1763.14208984375
Iteration 17/50, Reconstruction Error: 1740.7552490234375
Iteration 18/50, Reconstruction Error: 1716.58740234375
Iteration 19/50, Reconstruction Error: 1692.957275390625
Iteration 20/50, Reconstruction Error: 1668.4451904296875
Iteration 21/50, Reconstruction Error: 1645.7603759765625
Iteration 22/50, Reconstruction Error: 1622.6788330078125
Iteration 23/50, Reconstruction Error: 1599.327880859375
Iteration 24/50, Reconstruction Error: 1578.625732421875
Iteration 25/50, Reconstruction Error: 1555.3609619140625
Iteration 26/50, Reconstruction Error: 1534.0335693359375
Iteration 27/50, Reconstruction Error: 1512.630126953125
Iteration 28/50, Reconstruction Error: 1491.757568359375
Iteration 29/50, Reconstruction Error: 1471.0390625
Iteration 30/50, Reconstruction Error: 1450.82958984375
Iteration 31/50, Reconstruction Error: 1430.53955078125
Iteration 32/50, Reconstruction Error: 1411.56005859375
Iteration 33/50, Reconstruction Error: 1392.8280029296875
Iteration 34/50, Reconstruction Error: 1373.7294921875
Iteration 35/50, Reconstruction Error: 1355.8314208984375
Iteration 36/50, Reconstruction Error: 1337.6944580078125
Iteration 37/50, Reconstruction Error: 1319.3197021484375
Iteration 38/50, Reconstruction Error: 1302.704345703125
Iteration 39/50, Reconstruction Error: 1285.17626953125
Iteration 40/50, Reconstruction Error: 1268.5462646484375
Iteration 41/50, Reconstruction Error: 1253.0709228515625
Iteration 42/50, Reconstruction Error: 1236.9520263671875
Iteration 43/50, Reconstruction Error: 1221.3212890625
Iteration 44/50, Reconstruction Error: 1205.9376220703125
Iteration 45/50, Reconstruction Error: 1191.5186767578125
Iteration 46/50, Reconstruction Error: 1177.22412109375
Iteration 47/50, Reconstruction Error: 1162.2254638671875
Iteration 48/50, Reconstruction Error: 1148.188720703125
Iteration 49/50, Reconstruction Error: 1134.898681640625
Iteration 50/50, Reconstruction Error: 1121.8775634765625
Final Reconstruction Error (Silent Genes): 1025.575927734375
Final Reconstruction Error (Non-Silent Genes): 1121.8775634765625
Conda ML gpu job finished at Sun Aug 4 18:05:56 AWST 2024
