Job Name: genejc_rbm_split_mask_130824
Script: rbm_split_mask_v1.py
Working SCRATCH directory is /scratch/pmc019/jceliberti/run_conda/479556
Results will be store in /group/pmc019/jceliberti/conda_results/479556
Iteration 1/100, Reconstruction Error: 3008.203369140625, Generalization Error: 2406.483154296875
Iteration 2/100, Reconstruction Error: 1371.5030517578125, Generalization Error: 1097.1202392578125
Iteration 3/100, Reconstruction Error: 1297.6329345703125, Generalization Error: 1038.048583984375
Iteration 4/100, Reconstruction Error: 1263.2984619140625, Generalization Error: 1010.6239624023438
Iteration 5/100, Reconstruction Error: 1242.487060546875, Generalization Error: 993.9468383789062
Iteration 6/100, Reconstruction Error: 1229.8009033203125, Generalization Error: 983.8231811523438
Iteration 7/100, Reconstruction Error: 1219.4376220703125, Generalization Error: 975.52685546875
Iteration 8/100, Reconstruction Error: 1211.7283935546875, Generalization Error: 969.3206787109375
Iteration 9/100, Reconstruction Error: 1205.073974609375, Generalization Error: 964.037353515625
Iteration 10/100, Reconstruction Error: 1200.8994140625, Generalization Error: 960.5971069335938
Iteration 11/100, Reconstruction Error: 1194.7908935546875, Generalization Error: 955.7875366210938
Iteration 12/100, Reconstruction Error: 1188.364013671875, Generalization Error: 950.5626220703125
Iteration 13/100, Reconstruction Error: 1183.7281494140625, Generalization Error: 946.98193359375
Iteration 14/100, Reconstruction Error: 1178.1156005859375, Generalization Error: 942.4544677734375
Iteration 15/100, Reconstruction Error: 1172.9896240234375, Generalization Error: 938.36328125
Iteration 16/100, Reconstruction Error: 1166.69287109375, Generalization Error: 933.301025390625
Iteration 17/100, Reconstruction Error: 1162.67578125, Generalization Error: 930.126220703125
Iteration 18/100, Reconstruction Error: 1155.400634765625, Generalization Error: 924.2350463867188
Iteration 19/100, Reconstruction Error: 1149.4014892578125, Generalization Error: 919.5039672851562
Iteration 20/100, Reconstruction Error: 1143.7159423828125, Generalization Error: 914.9005126953125
Iteration 21/100, Reconstruction Error: 1137.666748046875, Generalization Error: 910.084716796875
Iteration 22/100, Reconstruction Error: 1131.9083251953125, Generalization Error: 905.5038452148438
Iteration 23/100, Reconstruction Error: 1126.0572509765625, Generalization Error: 900.73388671875
Iteration 24/100, Reconstruction Error: 1119.6099853515625, Generalization Error: 895.6781616210938
Iteration 25/100, Reconstruction Error: 1112.3116455078125, Generalization Error: 889.7650756835938
Iteration 26/100, Reconstruction Error: 1106.342041015625, Generalization Error: 885.0289916992188
Iteration 27/100, Reconstruction Error: 1098.3271484375, Generalization Error: 878.6414794921875
Iteration 28/100, Reconstruction Error: 1093.0576171875, Generalization Error: 874.363037109375
Iteration 29/100, Reconstruction Error: 1086.9188232421875, Generalization Error: 869.4859008789062
Iteration 30/100, Reconstruction Error: 1079.7218017578125, Generalization Error: 863.7063598632812
Iteration 31/100, Reconstruction Error: 1074.3074951171875, Generalization Error: 859.3869018554688
Iteration 32/100, Reconstruction Error: 1068.004638671875, Generalization Error: 854.3793334960938
Iteration 33/100, Reconstruction Error: 1061.270751953125, Generalization Error: 848.9298706054688
Iteration 34/100, Reconstruction Error: 1054.7564697265625, Generalization Error: 843.732421875
Iteration 35/100, Reconstruction Error: 1047.2730712890625, Generalization Error: 837.7567749023438
Iteration 36/100, Reconstruction Error: 1040.925048828125, Generalization Error: 832.671875
Iteration 37/100, Reconstruction Error: 1033.8424072265625, Generalization Error: 826.9960327148438
Iteration 38/100, Reconstruction Error: 1028.11865234375, Generalization Error: 822.3910522460938
Iteration 39/100, Reconstruction Error: 1020.8700561523438, Generalization Error: 816.6236572265625
Iteration 40/100, Reconstruction Error: 1014.6597900390625, Generalization Error: 811.664306640625
Iteration 41/100, Reconstruction Error: 1008.3048095703125, Generalization Error: 806.588134765625
Iteration 42/100, Reconstruction Error: 1002.6527099609375, Generalization Error: 802.056884765625
Iteration 43/100, Reconstruction Error: 994.9929809570312, Generalization Error: 795.9857788085938
Iteration 44/100, Reconstruction Error: 990.1710815429688, Generalization Error: 792.0751953125
Iteration 45/100, Reconstruction Error: 982.2277221679688, Generalization Error: 785.6968383789062
Iteration 46/100, Reconstruction Error: 977.3449096679688, Generalization Error: 781.8609619140625
Iteration 47/100, Reconstruction Error: 970.54296875, Generalization Error: 776.4132080078125
Iteration 48/100, Reconstruction Error: 965.4308471679688, Generalization Error: 772.328857421875
Iteration 49/100, Reconstruction Error: 958.5800170898438, Generalization Error: 766.8460083007812
Iteration 50/100, Reconstruction Error: 952.1742553710938, Generalization Error: 761.7023315429688
Iteration 51/100, Reconstruction Error: 945.4857177734375, Generalization Error: 756.3616333007812
Iteration 52/100, Reconstruction Error: 939.1298217773438, Generalization Error: 751.2785034179688
Iteration 53/100, Reconstruction Error: 932.7828369140625, Generalization Error: 746.20263671875
Iteration 54/100, Reconstruction Error: 927.8006591796875, Generalization Error: 742.1860961914062
Iteration 55/100, Reconstruction Error: 921.1629028320312, Generalization Error: 736.856689453125
Iteration 56/100, Reconstruction Error: 915.3223876953125, Generalization Error: 732.1840209960938
Iteration 57/100, Reconstruction Error: 910.9856567382812, Generalization Error: 728.7454223632812
Iteration 58/100, Reconstruction Error: 904.8753051757812, Generalization Error: 723.8484497070312
Iteration 59/100, Reconstruction Error: 898.92333984375, Generalization Error: 719.0518188476562
Iteration 60/100, Reconstruction Error: 893.5555419921875, Generalization Error: 714.7607421875
Iteration 61/100, Reconstruction Error: 887.9696655273438, Generalization Error: 710.3388671875
Iteration 62/100, Reconstruction Error: 882.2235717773438, Generalization Error: 705.689453125
Iteration 63/100, Reconstruction Error: 877.1231079101562, Generalization Error: 701.625732421875
Iteration 64/100, Reconstruction Error: 871.7014770507812, Generalization Error: 697.31787109375
Iteration 65/100, Reconstruction Error: 866.5413818359375, Generalization Error: 693.2444458007812
Iteration 66/100, Reconstruction Error: 860.5924072265625, Generalization Error: 688.4176635742188
Iteration 67/100, Reconstruction Error: 855.5070190429688, Generalization Error: 684.3768310546875
Iteration 68/100, Reconstruction Error: 851.305908203125, Generalization Error: 680.99560546875
Iteration 69/100, Reconstruction Error: 845.2720947265625, Generalization Error: 676.1764526367188
Iteration 70/100, Reconstruction Error: 840.8458862304688, Generalization Error: 672.6570434570312
Iteration 71/100, Reconstruction Error: 835.6883544921875, Generalization Error: 668.5054321289062
Iteration 72/100, Reconstruction Error: 830.7068481445312, Generalization Error: 664.50390625
Iteration 73/100, Reconstruction Error: 824.9016723632812, Generalization Error: 659.876953125
Iteration 74/100, Reconstruction Error: 821.0178833007812, Generalization Error: 656.76708984375
Iteration 75/100, Reconstruction Error: 816.0181274414062, Generalization Error: 652.7870483398438
Iteration 76/100, Reconstruction Error: 811.182861328125, Generalization Error: 648.895263671875
Iteration 77/100, Reconstruction Error: 806.871337890625, Generalization Error: 645.4706420898438
Iteration 78/100, Reconstruction Error: 801.9146118164062, Generalization Error: 641.490966796875
Iteration 79/100, Reconstruction Error: 796.6981811523438, Generalization Error: 637.35595703125
Iteration 80/100, Reconstruction Error: 792.806640625, Generalization Error: 634.1783447265625
Iteration 81/100, Reconstruction Error: 788.2080688476562, Generalization Error: 630.5274658203125
Iteration 82/100, Reconstruction Error: 784.827392578125, Generalization Error: 627.8284912109375
Iteration 83/100, Reconstruction Error: 779.5240478515625, Generalization Error: 623.5849609375
Iteration 84/100, Reconstruction Error: 776.0333862304688, Generalization Error: 620.7573852539062
Iteration 85/100, Reconstruction Error: 771.2408447265625, Generalization Error: 616.9431762695312
Iteration 86/100, Reconstruction Error: 767.0575561523438, Generalization Error: 613.5911865234375
Iteration 87/100, Reconstruction Error: 763.1548461914062, Generalization Error: 610.4802856445312
Iteration 88/100, Reconstruction Error: 759.028076171875, Generalization Error: 607.1575927734375
Iteration 89/100, Reconstruction Error: 754.6106567382812, Generalization Error: 603.6385498046875
Iteration 90/100, Reconstruction Error: 751.0240478515625, Generalization Error: 600.7677612304688
Iteration 91/100, Reconstruction Error: 747.2044067382812, Generalization Error: 597.7166748046875
Iteration 92/100, Reconstruction Error: 743.455810546875, Generalization Error: 594.7637939453125
Iteration 93/100, Reconstruction Error: 739.1876220703125, Generalization Error: 591.3060913085938
Iteration 94/100, Reconstruction Error: 736.082763671875, Generalization Error: 588.8422241210938
Iteration 95/100, Reconstruction Error: 731.7774047851562, Generalization Error: 585.3689575195312
Iteration 96/100, Reconstruction Error: 727.6388549804688, Generalization Error: 582.0562133789062
Iteration 97/100, Reconstruction Error: 724.8541259765625, Generalization Error: 579.8304443359375
Iteration 98/100, Reconstruction Error: 720.5955810546875, Generalization Error: 576.437744140625
Iteration 99/100, Reconstruction Error: 717.27685546875, Generalization Error: 573.8128662109375
Iteration 100/100, Reconstruction Error: 713.1131591796875, Generalization Error: 570.4535522460938
Iteration 1/100, Reconstruction Error: 3009.95166015625, Generalization Error: 2407.854736328125
Iteration 2/100, Reconstruction Error: 1771.197021484375, Generalization Error: 1416.8682861328125
Iteration 3/100, Reconstruction Error: 1785.616943359375, Generalization Error: 1428.4208984375
Iteration 4/100, Reconstruction Error: 1797.6279296875, Generalization Error: 1438.114501953125
Iteration 5/100, Reconstruction Error: 1800.2811279296875, Generalization Error: 1440.15625
Iteration 6/100, Reconstruction Error: 1800.6837158203125, Generalization Error: 1440.6053466796875
Iteration 7/100, Reconstruction Error: 1793.13818359375, Generalization Error: 1434.40478515625
Iteration 8/100, Reconstruction Error: 1786.5399169921875, Generalization Error: 1429.1346435546875
Iteration 9/100, Reconstruction Error: 1775.7408447265625, Generalization Error: 1420.5252685546875
Iteration 10/100, Reconstruction Error: 1760.7833251953125, Generalization Error: 1408.579833984375
Iteration 11/100, Reconstruction Error: 1747.305419921875, Generalization Error: 1397.8983154296875
Iteration 12/100, Reconstruction Error: 1730.921630859375, Generalization Error: 1384.6956787109375
Iteration 13/100, Reconstruction Error: 1715.7723388671875, Generalization Error: 1372.5206298828125
Iteration 14/100, Reconstruction Error: 1695.978271484375, Generalization Error: 1356.7257080078125
Iteration 15/100, Reconstruction Error: 1679.645263671875, Generalization Error: 1343.6107177734375
Iteration 16/100, Reconstruction Error: 1660.1015625, Generalization Error: 1328.1817626953125
Iteration 17/100, Reconstruction Error: 1642.1239013671875, Generalization Error: 1313.705078125
Iteration 18/100, Reconstruction Error: 1623.324951171875, Generalization Error: 1298.5450439453125
Iteration 19/100, Reconstruction Error: 1604.955810546875, Generalization Error: 1283.9769287109375
Iteration 20/100, Reconstruction Error: 1584.7218017578125, Generalization Error: 1267.8057861328125
Iteration 21/100, Reconstruction Error: 1565.6578369140625, Generalization Error: 1252.4951171875
Iteration 22/100, Reconstruction Error: 1547.1492919921875, Generalization Error: 1237.76220703125
Iteration 23/100, Reconstruction Error: 1528.780517578125, Generalization Error: 1222.973388671875
Iteration 24/100, Reconstruction Error: 1507.4423828125, Generalization Error: 1205.87744140625
Iteration 25/100, Reconstruction Error: 1490.4378662109375, Generalization Error: 1192.302734375
Iteration 26/100, Reconstruction Error: 1471.9522705078125, Generalization Error: 1177.4730224609375
Iteration 27/100, Reconstruction Error: 1453.1756591796875, Generalization Error: 1162.5308837890625
Iteration 28/100, Reconstruction Error: 1434.9736328125, Generalization Error: 1147.882080078125
Iteration 29/100, Reconstruction Error: 1417.7620849609375, Generalization Error: 1134.183349609375
Iteration 30/100, Reconstruction Error: 1400.039794921875, Generalization Error: 1120.0484619140625
Iteration 31/100, Reconstruction Error: 1382.87060546875, Generalization Error: 1106.180908203125
Iteration 32/100, Reconstruction Error: 1366.2322998046875, Generalization Error: 1092.996337890625
Iteration 33/100, Reconstruction Error: 1349.02587890625, Generalization Error: 1079.23193359375
Iteration 34/100, Reconstruction Error: 1330.7894287109375, Generalization Error: 1064.5693359375
Iteration 35/100, Reconstruction Error: 1315.503662109375, Generalization Error: 1052.3533935546875
Iteration 36/100, Reconstruction Error: 1299.59423828125, Generalization Error: 1039.72802734375
Iteration 37/100, Reconstruction Error: 1283.9818115234375, Generalization Error: 1027.1678466796875
Iteration 38/100, Reconstruction Error: 1267.6336669921875, Generalization Error: 1014.1834106445312
Iteration 39/100, Reconstruction Error: 1253.6162109375, Generalization Error: 1002.8906860351562
Iteration 40/100, Reconstruction Error: 1239.5943603515625, Generalization Error: 991.6609497070312
Iteration 41/100, Reconstruction Error: 1223.178466796875, Generalization Error: 978.5204467773438
Iteration 42/100, Reconstruction Error: 1210.0313720703125, Generalization Error: 967.960693359375
Iteration 43/100, Reconstruction Error: 1194.211181640625, Generalization Error: 955.256103515625
Iteration 44/100, Reconstruction Error: 1180.80615234375, Generalization Error: 944.6220092773438
Iteration 45/100, Reconstruction Error: 1167.0633544921875, Generalization Error: 933.6338500976562
Iteration 46/100, Reconstruction Error: 1154.49853515625, Generalization Error: 923.5725708007812
Iteration 47/100, Reconstruction Error: 1141.065185546875, Generalization Error: 912.8576049804688
Iteration 48/100, Reconstruction Error: 1127.8634033203125, Generalization Error: 902.2764282226562
Iteration 49/100, Reconstruction Error: 1116.0308837890625, Generalization Error: 892.7681884765625
Iteration 50/100, Reconstruction Error: 1102.85400390625, Generalization Error: 882.271728515625
Iteration 51/100, Reconstruction Error: 1090.851806640625, Generalization Error: 872.7130126953125
Iteration 52/100, Reconstruction Error: 1079.8466796875, Generalization Error: 863.9049682617188
Iteration 53/100, Reconstruction Error: 1066.8956298828125, Generalization Error: 853.4481811523438
Iteration 54/100, Reconstruction Error: 1056.6326904296875, Generalization Error: 845.2056274414062
Iteration 55/100, Reconstruction Error: 1044.882080078125, Generalization Error: 835.943603515625
Iteration 56/100, Reconstruction Error: 1033.7906494140625, Generalization Error: 827.056396484375
Iteration 57/100, Reconstruction Error: 1022.4048461914062, Generalization Error: 817.8406372070312
Iteration 58/100, Reconstruction Error: 1011.361083984375, Generalization Error: 809.0442504882812
Iteration 59/100, Reconstruction Error: 1002.2083129882812, Generalization Error: 801.7612915039062
Iteration 60/100, Reconstruction Error: 992.6878051757812, Generalization Error: 794.158203125
Iteration 61/100, Reconstruction Error: 981.5433349609375, Generalization Error: 785.1599731445312
Iteration 62/100, Reconstruction Error: 972.2282104492188, Generalization Error: 777.8216552734375
Iteration 63/100, Reconstruction Error: 962.3800048828125, Generalization Error: 769.8009033203125
Iteration 64/100, Reconstruction Error: 953.9706420898438, Generalization Error: 763.1441650390625
Iteration 65/100, Reconstruction Error: 943.3563842773438, Generalization Error: 754.638427734375
Iteration 66/100, Reconstruction Error: 934.5172729492188, Generalization Error: 747.660400390625
Iteration 67/100, Reconstruction Error: 925.7050170898438, Generalization Error: 740.5635375976562
Iteration 68/100, Reconstruction Error: 917.1472778320312, Generalization Error: 733.662353515625
Iteration 69/100, Reconstruction Error: 908.3521728515625, Generalization Error: 726.6746215820312
Iteration 70/100, Reconstruction Error: 900.4109497070312, Generalization Error: 720.3080444335938
Iteration 71/100, Reconstruction Error: 891.4120483398438, Generalization Error: 713.1115112304688
Iteration 72/100, Reconstruction Error: 883.4910278320312, Generalization Error: 706.8019409179688
Iteration 73/100, Reconstruction Error: 875.8946533203125, Generalization Error: 700.6900634765625
Iteration 74/100, Reconstruction Error: 868.200439453125, Generalization Error: 694.4983520507812
Iteration 75/100, Reconstruction Error: 860.2506713867188, Generalization Error: 688.1460571289062
Iteration 76/100, Reconstruction Error: 853.3907470703125, Generalization Error: 682.6889038085938
Iteration 77/100, Reconstruction Error: 846.2294921875, Generalization Error: 676.9439086914062
Iteration 78/100, Reconstruction Error: 838.774658203125, Generalization Error: 670.9548950195312
Iteration 79/100, Reconstruction Error: 831.6101684570312, Generalization Error: 665.2701416015625
Iteration 80/100, Reconstruction Error: 825.1410522460938, Generalization Error: 660.1032104492188
Iteration 81/100, Reconstruction Error: 817.7452392578125, Generalization Error: 654.1870727539062
Iteration 82/100, Reconstruction Error: 811.6581420898438, Generalization Error: 649.349853515625
Iteration 83/100, Reconstruction Error: 805.0565795898438, Generalization Error: 643.995849609375
Iteration 84/100, Reconstruction Error: 798.3187255859375, Generalization Error: 638.6026000976562
Iteration 85/100, Reconstruction Error: 792.2335205078125, Generalization Error: 633.748779296875
Iteration 86/100, Reconstruction Error: 785.628173828125, Generalization Error: 628.4606323242188
Iteration 87/100, Reconstruction Error: 779.1978759765625, Generalization Error: 623.3002319335938
Iteration 88/100, Reconstruction Error: 773.2431030273438, Generalization Error: 618.5504760742188
Iteration 89/100, Reconstruction Error: 767.8007202148438, Generalization Error: 614.2574462890625
Iteration 90/100, Reconstruction Error: 761.2915649414062, Generalization Error: 609.0115966796875
Iteration 91/100, Reconstruction Error: 756.0213012695312, Generalization Error: 604.8042602539062
Iteration 92/100, Reconstruction Error: 750.1585693359375, Generalization Error: 600.099609375
Iteration 93/100, Reconstruction Error: 744.6076049804688, Generalization Error: 595.5796508789062
Iteration 94/100, Reconstruction Error: 739.2401123046875, Generalization Error: 591.35498046875
Iteration 95/100, Reconstruction Error: 733.7738037109375, Generalization Error: 587.005859375
Iteration 96/100, Reconstruction Error: 728.9027709960938, Generalization Error: 583.1187744140625
Iteration 97/100, Reconstruction Error: 723.5576782226562, Generalization Error: 578.8121337890625
Iteration 98/100, Reconstruction Error: 718.2726440429688, Generalization Error: 574.6630859375
Iteration 99/100, Reconstruction Error: 713.4833984375, Generalization Error: 570.72705078125
Iteration 100/100, Reconstruction Error: 708.8091430664062, Generalization Error: 567.025634765625
Final Generalization Error (Silent Genes): 570.4535522460938
Final Generalization Error (Non-Silent Genes): 567.025634765625
Conda ML gpu job finished at Tue Aug 13 16:53:57 AWST 2024
Total Runtime: 00:25:58
