Job Name: genejc_rbm_150_iter_split_data_120824
Script: rbm_v1.py
Working SCRATCH directory is /scratch/pmc019/jceliberti/run_conda/478424
Results will be store in /group/pmc019/jceliberti/conda_results/478424
Iteration 1/150, Reconstruction Error: 3012.35205078125
Iteration 2/150, Reconstruction Error: 1506.60498046875
Iteration 3/150, Reconstruction Error: 1449.2659912109375
Iteration 4/150, Reconstruction Error: 1422.802490234375
Iteration 5/150, Reconstruction Error: 1407.6187744140625
Iteration 6/150, Reconstruction Error: 1396.1099853515625
Iteration 7/150, Reconstruction Error: 1389.9591064453125
Iteration 8/150, Reconstruction Error: 1381.4736328125
Iteration 9/150, Reconstruction Error: 1375.180908203125
Iteration 10/150, Reconstruction Error: 1369.747314453125
Iteration 11/150, Reconstruction Error: 1362.48583984375
Iteration 12/150, Reconstruction Error: 1354.461181640625
Iteration 13/150, Reconstruction Error: 1346.759765625
Iteration 14/150, Reconstruction Error: 1339.528564453125
Iteration 15/150, Reconstruction Error: 1332.0074462890625
Iteration 16/150, Reconstruction Error: 1324.1275634765625
Iteration 17/150, Reconstruction Error: 1316.8857421875
Iteration 18/150, Reconstruction Error: 1308.7576904296875
Iteration 19/150, Reconstruction Error: 1300.815185546875
Iteration 20/150, Reconstruction Error: 1291.2364501953125
Iteration 21/150, Reconstruction Error: 1281.5191650390625
Iteration 22/150, Reconstruction Error: 1273.09228515625
Iteration 23/150, Reconstruction Error: 1263.9849853515625
Iteration 24/150, Reconstruction Error: 1256.3021240234375
Iteration 25/150, Reconstruction Error: 1246.561767578125
Iteration 26/150, Reconstruction Error: 1237.7056884765625
Iteration 27/150, Reconstruction Error: 1228.5037841796875
Iteration 28/150, Reconstruction Error: 1217.5294189453125
Iteration 29/150, Reconstruction Error: 1209.7459716796875
Iteration 30/150, Reconstruction Error: 1200.391357421875
Iteration 31/150, Reconstruction Error: 1190.773193359375
Iteration 32/150, Reconstruction Error: 1181.440185546875
Iteration 33/150, Reconstruction Error: 1173.8486328125
Iteration 34/150, Reconstruction Error: 1162.78466796875
Iteration 35/150, Reconstruction Error: 1153.80224609375
Iteration 36/150, Reconstruction Error: 1145.040283203125
Iteration 37/150, Reconstruction Error: 1136.7222900390625
Iteration 38/150, Reconstruction Error: 1126.923583984375
Iteration 39/150, Reconstruction Error: 1118.91357421875
Iteration 40/150, Reconstruction Error: 1109.6160888671875
Iteration 41/150, Reconstruction Error: 1101.2110595703125
Iteration 42/150, Reconstruction Error: 1093.150634765625
Iteration 43/150, Reconstruction Error: 1083.197021484375
Iteration 44/150, Reconstruction Error: 1076.2271728515625
Iteration 45/150, Reconstruction Error: 1066.5150146484375
Iteration 46/150, Reconstruction Error: 1059.1123046875
Iteration 47/150, Reconstruction Error: 1050.6810302734375
Iteration 48/150, Reconstruction Error: 1041.9420166015625
Iteration 49/150, Reconstruction Error: 1033.790283203125
Iteration 50/150, Reconstruction Error: 1025.224609375
Iteration 51/150, Reconstruction Error: 1017.630615234375
Iteration 52/150, Reconstruction Error: 1010.127197265625
Iteration 53/150, Reconstruction Error: 1001.2465209960938
Iteration 54/150, Reconstruction Error: 993.895751953125
Iteration 55/150, Reconstruction Error: 986.8402099609375
Iteration 56/150, Reconstruction Error: 979.75
Iteration 57/150, Reconstruction Error: 972.3492431640625
Iteration 58/150, Reconstruction Error: 965.03759765625
Iteration 59/150, Reconstruction Error: 958.4597778320312
Iteration 60/150, Reconstruction Error: 950.6398315429688
Iteration 61/150, Reconstruction Error: 944.0474853515625
Iteration 62/150, Reconstruction Error: 937.0239868164062
Iteration 63/150, Reconstruction Error: 929.5283203125
Iteration 64/150, Reconstruction Error: 923.449462890625
Iteration 65/150, Reconstruction Error: 916.2685546875
Iteration 66/150, Reconstruction Error: 910.5943603515625
Iteration 67/150, Reconstruction Error: 904.2501220703125
Iteration 68/150, Reconstruction Error: 897.2986450195312
Iteration 69/150, Reconstruction Error: 891.06103515625
Iteration 70/150, Reconstruction Error: 885.0444946289062
Iteration 71/150, Reconstruction Error: 879.7555541992188
Iteration 72/150, Reconstruction Error: 872.8621826171875
Iteration 73/150, Reconstruction Error: 866.8536376953125
Iteration 74/150, Reconstruction Error: 861.2064819335938
Iteration 75/150, Reconstruction Error: 855.5157470703125
Iteration 76/150, Reconstruction Error: 849.5386962890625
Iteration 77/150, Reconstruction Error: 843.7664184570312
Iteration 78/150, Reconstruction Error: 838.659912109375
Iteration 79/150, Reconstruction Error: 832.4657592773438
Iteration 80/150, Reconstruction Error: 827.3696899414062
Iteration 81/150, Reconstruction Error: 822.4982299804688
Iteration 82/150, Reconstruction Error: 817.1343994140625
Iteration 83/150, Reconstruction Error: 812.0498657226562
Iteration 84/150, Reconstruction Error: 806.8941650390625
Iteration 85/150, Reconstruction Error: 801.0203857421875
Iteration 86/150, Reconstruction Error: 797.239990234375
Iteration 87/150, Reconstruction Error: 791.59619140625
Iteration 88/150, Reconstruction Error: 787.013671875
Iteration 89/150, Reconstruction Error: 782.8949584960938
Iteration 90/150, Reconstruction Error: 777.9132080078125
Iteration 91/150, Reconstruction Error: 773.2222900390625
Iteration 92/150, Reconstruction Error: 769.0372924804688
Iteration 93/150, Reconstruction Error: 764.2981567382812
Iteration 94/150, Reconstruction Error: 760.0617065429688
Iteration 95/150, Reconstruction Error: 755.4312133789062
Iteration 96/150, Reconstruction Error: 751.3075561523438
Iteration 97/150, Reconstruction Error: 746.5546875
Iteration 98/150, Reconstruction Error: 743.2918090820312
Iteration 99/150, Reconstruction Error: 738.527587890625
Iteration 100/150, Reconstruction Error: 734.4932861328125
Iteration 101/150, Reconstruction Error: 730.1779174804688
Iteration 102/150, Reconstruction Error: 726.918212890625
Iteration 103/150, Reconstruction Error: 722.6704711914062
Iteration 104/150, Reconstruction Error: 718.574951171875
Iteration 105/150, Reconstruction Error: 715.3299560546875
Iteration 106/150, Reconstruction Error: 711.1445922851562
Iteration 107/150, Reconstruction Error: 707.9853515625
Iteration 108/150, Reconstruction Error: 704.3944091796875
Iteration 109/150, Reconstruction Error: 700.5464477539062
Iteration 110/150, Reconstruction Error: 696.9034423828125
Iteration 111/150, Reconstruction Error: 693.6316528320312
Iteration 112/150, Reconstruction Error: 690.0160522460938
Iteration 113/150, Reconstruction Error: 686.441650390625
Iteration 114/150, Reconstruction Error: 683.542236328125
Iteration 115/150, Reconstruction Error: 679.9645385742188
Iteration 116/150, Reconstruction Error: 676.633056640625
Iteration 117/150, Reconstruction Error: 673.2145385742188
Iteration 118/150, Reconstruction Error: 670.3246459960938
Iteration 119/150, Reconstruction Error: 667.358154296875
Iteration 120/150, Reconstruction Error: 664.7760620117188
Iteration 121/150, Reconstruction Error: 661.1627197265625
Iteration 122/150, Reconstruction Error: 657.967041015625
Iteration 123/150, Reconstruction Error: 655.0465698242188
Iteration 124/150, Reconstruction Error: 652.1503295898438
Iteration 125/150, Reconstruction Error: 649.1541748046875
Iteration 126/150, Reconstruction Error: 646.4947509765625
Iteration 127/150, Reconstruction Error: 643.5262451171875
Iteration 128/150, Reconstruction Error: 640.7330932617188
Iteration 129/150, Reconstruction Error: 638.6964721679688
Iteration 130/150, Reconstruction Error: 635.5091552734375
Iteration 131/150, Reconstruction Error: 633.1647338867188
Iteration 132/150, Reconstruction Error: 630.08984375
Iteration 133/150, Reconstruction Error: 627.6158447265625
Iteration 134/150, Reconstruction Error: 624.9896240234375
Iteration 135/150, Reconstruction Error: 621.98974609375
Iteration 136/150, Reconstruction Error: 619.8682250976562
Iteration 137/150, Reconstruction Error: 617.6992797851562
Iteration 138/150, Reconstruction Error: 615.323974609375
Iteration 139/150, Reconstruction Error: 613.1394653320312
Iteration 140/150, Reconstruction Error: 610.15380859375
Iteration 141/150, Reconstruction Error: 607.6001586914062
Iteration 142/150, Reconstruction Error: 605.747802734375
Iteration 143/150, Reconstruction Error: 603.3104248046875
Iteration 144/150, Reconstruction Error: 600.9898071289062
Iteration 145/150, Reconstruction Error: 599.1073608398438
Iteration 146/150, Reconstruction Error: 596.8206176757812
Iteration 147/150, Reconstruction Error: 594.5291748046875
Iteration 148/150, Reconstruction Error: 592.4974975585938
Iteration 149/150, Reconstruction Error: 590.0703735351562
Iteration 150/150, Reconstruction Error: 588.2177734375
Iteration 1/150, Reconstruction Error: 3009.279541015625
Iteration 2/150, Reconstruction Error: 1983.6680908203125
Iteration 3/150, Reconstruction Error: 1993.62646484375
Iteration 4/150, Reconstruction Error: 1992.941162109375
Iteration 5/150, Reconstruction Error: 1988.8624267578125
Iteration 6/150, Reconstruction Error: 1977.96875
Iteration 7/150, Reconstruction Error: 1960.4815673828125
Iteration 8/150, Reconstruction Error: 1944.3853759765625
Iteration 9/150, Reconstruction Error: 1924.0560302734375
Iteration 10/150, Reconstruction Error: 1902.86279296875
Iteration 11/150, Reconstruction Error: 1881.47802734375
Iteration 12/150, Reconstruction Error: 1857.791259765625
Iteration 13/150, Reconstruction Error: 1835.5653076171875
Iteration 14/150, Reconstruction Error: 1810.8162841796875
Iteration 15/150, Reconstruction Error: 1788.6981201171875
Iteration 16/150, Reconstruction Error: 1763.438232421875
Iteration 17/150, Reconstruction Error: 1740.7965087890625
Iteration 18/150, Reconstruction Error: 1715.4178466796875
Iteration 19/150, Reconstruction Error: 1692.3551025390625
Iteration 20/150, Reconstruction Error: 1669.053955078125
Iteration 21/150, Reconstruction Error: 1645.392333984375
Iteration 22/150, Reconstruction Error: 1622.9493408203125
Iteration 23/150, Reconstruction Error: 1599.053955078125
Iteration 24/150, Reconstruction Error: 1577.7779541015625
Iteration 25/150, Reconstruction Error: 1556.3883056640625
Iteration 26/150, Reconstruction Error: 1534.4228515625
Iteration 27/150, Reconstruction Error: 1511.78466796875
Iteration 28/150, Reconstruction Error: 1491.4351806640625
Iteration 29/150, Reconstruction Error: 1470.85791015625
Iteration 30/150, Reconstruction Error: 1451.500732421875
Iteration 31/150, Reconstruction Error: 1430.9483642578125
Iteration 32/150, Reconstruction Error: 1411.3028564453125
Iteration 33/150, Reconstruction Error: 1392.4681396484375
Iteration 34/150, Reconstruction Error: 1374.0555419921875
Iteration 35/150, Reconstruction Error: 1354.819091796875
Iteration 36/150, Reconstruction Error: 1336.35693359375
Iteration 37/150, Reconstruction Error: 1319.5660400390625
Iteration 38/150, Reconstruction Error: 1302.9908447265625
Iteration 39/150, Reconstruction Error: 1285.32275390625
Iteration 40/150, Reconstruction Error: 1268.8134765625
Iteration 41/150, Reconstruction Error: 1252.6580810546875
Iteration 42/150, Reconstruction Error: 1236.3055419921875
Iteration 43/150, Reconstruction Error: 1221.315185546875
Iteration 44/150, Reconstruction Error: 1206.1861572265625
Iteration 45/150, Reconstruction Error: 1190.77490234375
Iteration 46/150, Reconstruction Error: 1176.93505859375
Iteration 47/150, Reconstruction Error: 1162.4888916015625
Iteration 48/150, Reconstruction Error: 1148.657958984375
Iteration 49/150, Reconstruction Error: 1135.634521484375
Iteration 50/150, Reconstruction Error: 1121.4486083984375
Iteration 51/150, Reconstruction Error: 1108.5521240234375
Iteration 52/150, Reconstruction Error: 1096.354248046875
Iteration 53/150, Reconstruction Error: 1083.4503173828125
Iteration 54/150, Reconstruction Error: 1071.4345703125
Iteration 55/150, Reconstruction Error: 1057.9814453125
Iteration 56/150, Reconstruction Error: 1047.7554931640625
Iteration 57/150, Reconstruction Error: 1035.5667724609375
Iteration 58/150, Reconstruction Error: 1024.468994140625
Iteration 59/150, Reconstruction Error: 1014.0355224609375
Iteration 60/150, Reconstruction Error: 1002.7460327148438
Iteration 61/150, Reconstruction Error: 992.51025390625
Iteration 62/150, Reconstruction Error: 981.8652954101562
Iteration 63/150, Reconstruction Error: 971.2970581054688
Iteration 64/150, Reconstruction Error: 962.234375
Iteration 65/150, Reconstruction Error: 951.623291015625
Iteration 66/150, Reconstruction Error: 942.4396362304688
Iteration 67/150, Reconstruction Error: 932.7288208007812
Iteration 68/150, Reconstruction Error: 924.1981811523438
Iteration 69/150, Reconstruction Error: 914.9127197265625
Iteration 70/150, Reconstruction Error: 906.074462890625
Iteration 71/150, Reconstruction Error: 897.621826171875
Iteration 72/150, Reconstruction Error: 890.0419311523438
Iteration 73/150, Reconstruction Error: 880.8097534179688
Iteration 74/150, Reconstruction Error: 872.6464233398438
Iteration 75/150, Reconstruction Error: 865.12890625
Iteration 76/150, Reconstruction Error: 856.907958984375
Iteration 77/150, Reconstruction Error: 849.6432495117188
Iteration 78/150, Reconstruction Error: 842.31689453125
Iteration 79/150, Reconstruction Error: 834.9429321289062
Iteration 80/150, Reconstruction Error: 827.1273803710938
Iteration 81/150, Reconstruction Error: 820.3455810546875
Iteration 82/150, Reconstruction Error: 813.7125244140625
Iteration 83/150, Reconstruction Error: 806.6630859375
Iteration 84/150, Reconstruction Error: 800.1964111328125
Iteration 85/150, Reconstruction Error: 793.3296508789062
Iteration 86/150, Reconstruction Error: 787.7938232421875
Iteration 87/150, Reconstruction Error: 780.4882202148438
Iteration 88/150, Reconstruction Error: 774.4163818359375
Iteration 89/150, Reconstruction Error: 768.2278442382812
Iteration 90/150, Reconstruction Error: 762.13134765625
Iteration 91/150, Reconstruction Error: 756.6958618164062
Iteration 92/150, Reconstruction Error: 750.9317626953125
Iteration 93/150, Reconstruction Error: 745.16748046875
Iteration 94/150, Reconstruction Error: 740.1436157226562
Iteration 95/150, Reconstruction Error: 734.2122802734375
Iteration 96/150, Reconstruction Error: 728.8921508789062
Iteration 97/150, Reconstruction Error: 724.00537109375
Iteration 98/150, Reconstruction Error: 718.8111572265625
Iteration 99/150, Reconstruction Error: 713.2628784179688
Iteration 100/150, Reconstruction Error: 708.7015380859375
Iteration 101/150, Reconstruction Error: 703.6009521484375
Iteration 102/150, Reconstruction Error: 698.7772827148438
Iteration 103/150, Reconstruction Error: 694.1909790039062
Iteration 104/150, Reconstruction Error: 689.6548461914062
Iteration 105/150, Reconstruction Error: 685.066162109375
Iteration 106/150, Reconstruction Error: 680.501953125
Iteration 107/150, Reconstruction Error: 675.967041015625
Iteration 108/150, Reconstruction Error: 671.7041625976562
Iteration 109/150, Reconstruction Error: 666.9962768554688
Iteration 110/150, Reconstruction Error: 663.076416015625
Iteration 111/150, Reconstruction Error: 658.7921752929688
Iteration 112/150, Reconstruction Error: 655.1429443359375
Iteration 113/150, Reconstruction Error: 651.1991577148438
Iteration 114/150, Reconstruction Error: 647.1452026367188
Iteration 115/150, Reconstruction Error: 643.108642578125
Iteration 116/150, Reconstruction Error: 639.7164916992188
Iteration 117/150, Reconstruction Error: 635.6578369140625
Iteration 118/150, Reconstruction Error: 631.9880981445312
Iteration 119/150, Reconstruction Error: 628.0296630859375
Iteration 120/150, Reconstruction Error: 624.5252075195312
Iteration 121/150, Reconstruction Error: 620.9571533203125
Iteration 122/150, Reconstruction Error: 617.37890625
Iteration 123/150, Reconstruction Error: 614.2743530273438
Iteration 124/150, Reconstruction Error: 610.6282348632812
Iteration 125/150, Reconstruction Error: 607.6426391601562
Iteration 126/150, Reconstruction Error: 604.3594970703125
Iteration 127/150, Reconstruction Error: 601.0870971679688
Iteration 128/150, Reconstruction Error: 597.9956665039062
Iteration 129/150, Reconstruction Error: 594.7034301757812
Iteration 130/150, Reconstruction Error: 591.7182006835938
Iteration 131/150, Reconstruction Error: 588.51953125
Iteration 132/150, Reconstruction Error: 585.6690673828125
Iteration 133/150, Reconstruction Error: 582.4631958007812
Iteration 134/150, Reconstruction Error: 579.6688842773438
Iteration 135/150, Reconstruction Error: 576.8648681640625
Iteration 136/150, Reconstruction Error: 574.08447265625
Iteration 137/150, Reconstruction Error: 571.6547241210938
Iteration 138/150, Reconstruction Error: 568.8421630859375
Iteration 139/150, Reconstruction Error: 565.7461547851562
Iteration 140/150, Reconstruction Error: 563.2420654296875
Iteration 141/150, Reconstruction Error: 560.1317138671875
Iteration 142/150, Reconstruction Error: 558.0010986328125
Iteration 143/150, Reconstruction Error: 555.553955078125
Iteration 144/150, Reconstruction Error: 552.9093627929688
Iteration 145/150, Reconstruction Error: 550.4692993164062
Iteration 146/150, Reconstruction Error: 548.3848876953125
Iteration 147/150, Reconstruction Error: 545.4815063476562
Iteration 148/150, Reconstruction Error: 543.1403198242188
Iteration 149/150, Reconstruction Error: 540.96826171875
Iteration 150/150, Reconstruction Error: 538.4178466796875
Final Reconstruction Error (Silent Genes): 588.2177734375
Final Reconstruction Error (Non-Silent Genes): 538.4178466796875
Conda ML gpu job finished at Mon Aug 12 14:49:56 AWST 2024
Total Runtime: 00:25:47
